# JRE version: OpenJDK Runtime Environment (21.0.8) (build 21.0.8+-14196175-b1038.72)
# Java VM: OpenJDK 64-Bit Server VM (21.0.8+-14196175-b1038.72, mixed mode, tiered, compressed oops, compressed class ptrs, g1 gc, windows-amd64)
GC Precious Log:
 CardTable entry size: 512
 Card Set container configuration: InlinePtr #cards 5 size 8 Array Of Cards #cards 12 size 40 Howl #buckets 4 coarsen threshold 1843 Howl Bitmap #cards 512 size 80 coarsen threshold 460 Card regions per heap region 1 cards per card region 2048
 CPUs: 12 total, 12 available
 Memory: 5989M
 Large Page Support: Disabled
 NUMA Support: Disabled
 Compressed Oops: Enabled (32-bit)
 Heap Region Size: 1M
 Heap Min Capacity: 8M
 Heap Initial Capacity: 94M
 Heap Max Capacity: 2G
 Pre-touch: Disabled
 Parallel Workers: 10
 Concurrent Workers: 3
 Concurrent Refinement Workers: 10
 Periodic GC: Disabled
Heap:
 garbage-first heap   total 288768K, used 185203K [0x0000000080000000, 0x0000000100000000)
  region size 1024K, 22 young (22528K), 7 survivors (7168K)
 Metaspace       used 136826K, committed 139264K, reserved 1179648K
  class space    used 18844K, committed 20032K, reserved 1048576K
GC Heap History (20 events):
Event: 80.311 GC heap before
{Heap before GC invocations=45 (full 0):
 garbage-first heap   total 188416K, used 173206K [0x0000000080000000, 0x0000000100000000)
  region size 1024K, 61 young (62464K), 3 survivors (3072K)
 Metaspace       used 117222K, committed 119616K, reserved 1179648K
  class space    used 16611K, committed 17792K, reserved 1048576K
}
Event: 80.320 GC heap after
{Heap after GC invocations=46 (full 0):
 garbage-first heap   total 188416K, used 119397K [0x0000000080000000, 0x0000000100000000)
  region size 1024K, 8 young (8192K), 8 survivors (8192K)
 Metaspace       used 117222K, committed 119616K, reserved 1179648K
  class space    used 16611K, committed 17792K, reserved 1048576K
}
Event: 80.970 GC heap before
{Heap before GC invocations=46 (full 0):
 garbage-first heap   total 188416K, used 149093K [0x0000000080000000, 0x0000000100000000)
  region size 1024K, 39 young (39936K), 8 survivors (8192K)
 Metaspace       used 119557K, committed 121984K, reserved 1179648K
  class space    used 16935K, committed 18112K, reserved 1048576K
}
Event: 80.979 GC heap after
{Heap after GC invocations=47 (full 0):
 garbage-first heap   total 188416K, used 124248K [0x0000000080000000, 0x0000000100000000)
  region size 1024K, 6 young (6144K), 6 survivors (6144K)
 Metaspace       used 119557K, committed 121984K, reserved 1179648K
  class space    used 16935K, committed 18112K, reserved 1048576K
}
Event: 82.515 GC heap before
{Heap before GC invocations=48 (full 0):
 garbage-first heap   total 211968K, used 173400K [0x0000000080000000, 0x0000000100000000)
  region size 1024K, 51 young (52224K), 6 survivors (6144K)
 Metaspace       used 125723K, committed 128128K, reserved 1179648K
  class space    used 17713K, committed 18880K, reserved 1048576K
}
Event: 82.560 GC heap after
{Heap after GC invocations=49 (full 0):
 garbage-first heap   total 211968K, used 134680K [0x0000000080000000, 0x0000000100000000)
  region size 1024K, 7 young (7168K), 7 survivors (7168K)
 Metaspace       used 125723K, committed 128128K, reserved 1179648K
  class space    used 17713K, committed 18880K, reserved 1048576K
}
Event: 90.273 GC heap before
{Heap before GC invocations=49 (full 0):
 garbage-first heap   total 211968K, used 192024K [0x0000000080000000, 0x0000000100000000)
  region size 1024K, 62 young (63488K), 7 survivors (7168K)
 Metaspace       used 130204K, committed 132608K, reserved 1179648K
  class space    used 18131K, committed 19264K, reserved 1048576K
}
Event: 90.285 GC heap after
{Heap after GC invocations=50 (full 0):
 garbage-first heap   total 211968K, used 142238K [0x0000000080000000, 0x0000000100000000)
  region size 1024K, 8 young (8192K), 8 survivors (8192K)
 Metaspace       used 130204K, committed 132608K, reserved 1179648K
  class space    used 18131K, committed 19264K, reserved 1048576K
}
Event: 91.281 GC heap before
{Heap before GC invocations=50 (full 0):
 garbage-first heap   total 211968K, used 191390K [0x0000000080000000, 0x0000000100000000)
  region size 1024K, 56 young (57344K), 8 survivors (8192K)
 Metaspace       used 131525K, committed 134016K, reserved 1179648K
  class space    used 18249K, committed 19456K, reserved 1048576K
}
Event: 91.289 GC heap after
{Heap after GC invocations=51 (full 0):
 garbage-first heap   total 211968K, used 145789K [0x0000000080000000, 0x0000000100000000)
  region size 1024K, 4 young (4096K), 4 survivors (4096K)
 Metaspace       used 131525K, committed 134016K, reserved 1179648K
  class space    used 18249K, committed 19456K, reserved 1048576K
}
Event: 92.044 GC heap before
{Heap before GC invocations=52 (full 0):
 garbage-first heap   total 245760K, used 195965K [0x0000000080000000, 0x0000000100000000)
  region size 1024K, 51 young (52224K), 4 survivors (4096K)
 Metaspace       used 131712K, committed 134144K, reserved 1179648K
  class space    used 18256K, committed 19456K, reserved 1048576K
}
Event: 92.056 GC heap after
{Heap after GC invocations=53 (full 0):
 garbage-first heap   total 245760K, used 165426K [0x0000000080000000, 0x0000000100000000)
  region size 1024K, 7 young (7168K), 7 survivors (7168K)
 Metaspace       used 131712K, committed 134144K, reserved 1179648K
  class space    used 18256K, committed 19456K, reserved 1048576K
}
Event: 92.962 GC heap before
{Heap before GC invocations=53 (full 0):
 garbage-first heap   total 245760K, used 236082K [0x0000000080000000, 0x0000000100000000)
  region size 1024K, 54 young (55296K), 7 survivors (7168K)
 Metaspace       used 132999K, committed 135424K, reserved 1179648K
  class space    used 18371K, committed 19584K, reserved 1048576K
}
Event: 92.972 GC heap after
{Heap after GC invocations=54 (full 0):
 garbage-first heap   total 252928K, used 169182K [0x0000000080000000, 0x0000000100000000)
  region size 1024K, 6 young (6144K), 6 survivors (6144K)
 Metaspace       used 132999K, committed 135424K, reserved 1179648K
  class space    used 18371K, committed 19584K, reserved 1048576K
}
Event: 94.122 GC heap before
{Heap before GC invocations=54 (full 0):
 garbage-first heap   total 252928K, used 221406K [0x0000000080000000, 0x0000000100000000)
  region size 1024K, 58 young (59392K), 6 survivors (6144K)
 Metaspace       used 134687K, committed 137152K, reserved 1179648K
  class space    used 18574K, committed 19776K, reserved 1048576K
}
Event: 94.129 GC heap after
{Heap after GC invocations=55 (full 0):
 garbage-first heap   total 252928K, used 173238K [0x0000000080000000, 0x0000000100000000)
  region size 1024K, 4 young (4096K), 4 survivors (4096K)
 Metaspace       used 134687K, committed 137152K, reserved 1179648K
  class space    used 18574K, committed 19776K, reserved 1048576K
}
Event: 748.905 GC heap before
{Heap before GC invocations=56 (full 0):
 garbage-first heap   total 288768K, used 224438K [0x0000000080000000, 0x0000000100000000)
  region size 1024K, 56 young (57344K), 4 survivors (4096K)
 Metaspace       used 136420K, committed 138880K, reserved 1179648K
  class space    used 18839K, committed 20032K, reserved 1048576K
}
Event: 749.204 GC heap after
{Heap after GC invocations=57 (full 0):
 garbage-first heap   total 288768K, used 175696K [0x0000000080000000, 0x0000000100000000)
  region size 1024K, 4 young (4096K), 4 survivors (4096K)
 Metaspace       used 136420K, committed 138880K, reserved 1179648K
  class space    used 18839K, committed 20032K, reserved 1048576K
}
Event: 3845.668 GC heap before
{Heap before GC invocations=57 (full 0):
 garbage-first heap   total 288768K, used 257616K [0x0000000080000000, 0x0000000100000000)
  region size 1024K, 85 young (87040K), 4 survivors (4096K)
 Metaspace       used 136720K, committed 139200K, reserved 1179648K
  class space    used 18844K, committed 20032K, reserved 1048576K
}
Event: 3845.987 GC heap after
{Heap after GC invocations=58 (full 0):
 garbage-first heap   total 288768K, used 171891K [0x0000000080000000, 0x0000000100000000)
  region size 1024K, 7 young (7168K), 7 survivors (7168K)
 Metaspace       used 136720K, committed 139200K, reserved 1179648K
  class space    used 18844K, committed 20032K, reserved 1048576K
}

